INFO -> 2022-12-25 15:12:49,807: Ñîñòîÿíèå ÊÓ íà: Sun Dec 25 15:12:49 2022
INFO -> 2022-12-25 15:12:49,807:      ¹1  ¹2  ¹3  ¹4  ¹5  ¹6  ¹7  ¹8
INFO -> 2022-12-25 15:13:08,290: Ñîñòîÿíèå ÊÓ íà: Sun Dec 25 15:13:08 2022
INFO -> 2022-12-25 15:13:08,290:      ¹1  ¹2  ¹3  ¹4  ¹5  ¹6  ¹7  ¹8
INFO -> 2022-12-25 15:13:44,515: Ñîñòîÿíèå ÊÓ íà: Sun Dec 25 15:13:44 2022
INFO -> 2022-12-25 15:13:44,515:      ¹1  ¹2  ¹3  ¹4  ¹5  ¹6  ¹7  ¹8
INFO -> 2022-12-25 15:13:44,515: ÂÊË: 0  
INFO -> 2022-12-25 15:14:38,926: Ñîñòîÿíèå ÊÓ íà: Sun Dec 25 15:14:38 2022
INFO -> 2022-12-25 15:14:38,926:      ¹1  ¹2  ¹3  ¹4  ¹5  ¹6  ¹7  ¹8
INFO -> 2022-12-25 15:14:38,926: ÂÊË: 0  0
INFO -> 2022-12-25 15:14:49,198: Ñîñòîÿíèå ÊÓ íà: Sun Dec 25 15:14:49 2022
INFO -> 2022-12-25 15:14:49,204:      ¹1  ¹2  ¹3  ¹4  ¹5  ¹6  ¹7  ¹8
INFO -> 2022-12-25 15:14:49,204: ÂÊË: 0  0
INFO -> 2022-12-25 15:14:59,454: Ñîñòîÿíèå ÊÓ íà: Sun Dec 25 15:14:59 2022
INFO -> 2022-12-25 15:14:59,454:      ¹1  ¹2  ¹3  ¹4  ¹5  ¹6  ¹7  ¹8
INFO -> 2022-12-25 15:14:59,454: ÂÊË: 0  0
INFO -> 2022-12-25 15:15:09,716: Ñîñòîÿíèå ÊÓ íà: Sun Dec 25 15:15:09 2022
INFO -> 2022-12-25 15:15:09,716:      ¹1  ¹2  ¹3  ¹4  ¹5  ¹6  ¹7  ¹8
INFO -> 2022-12-25 15:15:09,716: ÂÊË: 0  0
INFO -> 2022-12-25 15:15:20,030: Ñîñòîÿíèå ÊÓ íà: Sun Dec 25 15:15:20 2022
INFO -> 2022-12-25 15:15:20,030:      ¹1  ¹2  ¹3  ¹4  ¹5  ¹6  ¹7  ¹8
INFO -> 2022-12-25 15:15:20,030: ÂÊË: 0  0
INFO -> 2022-12-25 15:15:30,276: Ñîñòîÿíèå ÊÓ íà: Sun Dec 25 15:15:30 2022
INFO -> 2022-12-25 15:15:30,276:      ¹1  ¹2  ¹3  ¹4  ¹5  ¹6  ¹7  ¹8
INFO -> 2022-12-25 15:15:30,276: ÂÊË: 0  0
INFO -> 2022-12-25 15:15:46,065: Ñîñòîÿíèå ÊÓ íà: Sun Dec 25 15:15:46 2022
INFO -> 2022-12-25 15:15:46,065:      ¹1  ¹2  ¹3  ¹4  ¹5  ¹6  ¹7  ¹8
INFO -> 2022-12-25 15:15:46,065: ÂÊË:  0   0
INFO -> 2022-12-25 15:15:56,539: Ñîñòîÿíèå ÊÓ íà: Sun Dec 25 15:15:56 2022
INFO -> 2022-12-25 15:15:56,539:      ¹1  ¹2  ¹3  ¹4  ¹5  ¹6  ¹7  ¹8
INFO -> 2022-12-25 15:15:56,539: ÂÊË:  0   0
INFO -> 2022-12-25 15:16:06,823: Ñîñòîÿíèå ÊÓ íà: Sun Dec 25 15:16:06 2022
INFO -> 2022-12-25 15:16:06,823:      ¹1  ¹2  ¹3  ¹4  ¹5  ¹6  ¹7  ¹8
INFO -> 2022-12-25 15:16:06,823: ÂÊË:  0   0
INFO -> 2022-12-25 15:16:17,102: Ñîñòîÿíèå ÊÓ íà: Sun Dec 25 15:16:17 2022
INFO -> 2022-12-25 15:16:17,102:      ¹1  ¹2  ¹3  ¹4  ¹5  ¹6  ¹7  ¹8
INFO -> 2022-12-25 15:16:17,102: ÂÊË:  0   0
INFO -> 2022-12-25 15:16:27,364: Ñîñòîÿíèå ÊÓ íà: Sun Dec 25 15:16:27 2022
INFO -> 2022-12-25 15:16:27,364:      ¹1  ¹2  ¹3  ¹4  ¹5  ¹6  ¹7  ¹8
INFO -> 2022-12-25 15:16:27,364: ÂÊË:  0   0
INFO -> 2022-12-25 15:16:37,630: Ñîñòîÿíèå ÊÓ íà: Sun Dec 25 15:16:37 2022
INFO -> 2022-12-25 15:16:37,630:      ¹1  ¹2  ¹3  ¹4  ¹5  ¹6  ¹7  ¹8
INFO -> 2022-12-25 15:16:37,630: ÂÊË:  0   0
INFO -> 2022-12-25 15:16:47,894: Ñîñòîÿíèå ÊÓ íà: Sun Dec 25 15:16:47 2022
INFO -> 2022-12-25 15:16:47,894:      ¹1  ¹2  ¹3  ¹4  ¹5  ¹6  ¹7  ¹8
INFO -> 2022-12-25 15:16:47,894: ÂÊË:  0   0
INFO -> 2022-12-25 15:16:58,177: Ñîñòîÿíèå ÊÓ íà: Sun Dec 25 15:16:58 2022
INFO -> 2022-12-25 15:16:58,177:      ¹1  ¹2  ¹3  ¹4  ¹5  ¹6  ¹7  ¹8
INFO -> 2022-12-25 15:16:58,177: ÂÊË:  0   0
INFO -> 2022-12-25 15:17:08,453: Ñîñòîÿíèå ÊÓ íà: Sun Dec 25 15:17:08 2022
INFO -> 2022-12-25 15:17:08,453:      ¹1  ¹2  ¹3  ¹4  ¹5  ¹6  ¹7  ¹8
INFO -> 2022-12-25 15:17:08,453: ÂÊË:  0   0
INFO -> 2022-12-25 15:17:18,722: Ñîñòîÿíèå ÊÓ íà: Sun Dec 25 15:17:18 2022
INFO -> 2022-12-25 15:17:18,722:      ¹1  ¹2  ¹3  ¹4  ¹5  ¹6  ¹7  ¹8
INFO -> 2022-12-25 15:17:18,722: ÂÊË:  0   0
INFO -> 2022-12-25 15:17:29,005: Ñîñòîÿíèå ÊÓ íà: Sun Dec 25 15:17:29 2022
INFO -> 2022-12-25 15:17:29,005:      ¹1  ¹2  ¹3  ¹4  ¹5  ¹6  ¹7  ¹8
INFO -> 2022-12-25 15:17:29,005: ÂÊË:  0   0
INFO -> 2022-12-25 15:17:39,287: Ñîñòîÿíèå ÊÓ íà: Sun Dec 25 15:17:39 2022
INFO -> 2022-12-25 15:17:39,287:      ¹1  ¹2  ¹3  ¹4  ¹5  ¹6  ¹7  ¹8
INFO -> 2022-12-25 15:17:39,287: ÂÊË:  0   0
INFO -> 2022-12-25 15:17:49,559: Ñîñòîÿíèå ÊÓ íà: Sun Dec 25 15:17:49 2022
INFO -> 2022-12-25 15:17:49,559:      ¹1  ¹2  ¹3  ¹4  ¹5  ¹6  ¹7  ¹8
INFO -> 2022-12-25 15:17:49,559: ÂÊË:  0   0
INFO -> 2022-12-25 15:17:59,836: Ñîñòîÿíèå ÊÓ íà: Sun Dec 25 15:17:59 2022
INFO -> 2022-12-25 15:17:59,836:      ¹1  ¹2  ¹3  ¹4  ¹5  ¹6  ¹7  ¹8
INFO -> 2022-12-25 15:17:59,836: ÂÊË:  0   0
INFO -> 2022-12-25 15:18:10,109: Ñîñòîÿíèå ÊÓ íà: Sun Dec 25 15:18:10 2022
INFO -> 2022-12-25 15:18:10,109:      ¹1  ¹2  ¹3  ¹4  ¹5  ¹6  ¹7  ¹8
INFO -> 2022-12-25 15:18:10,109: ÂÊË:  0   0
INFO -> 2022-12-25 15:18:20,376: Ñîñòîÿíèå ÊÓ íà: Sun Dec 25 15:18:20 2022
INFO -> 2022-12-25 15:18:20,376:      ¹1  ¹2  ¹3  ¹4  ¹5  ¹6  ¹7  ¹8
INFO -> 2022-12-25 15:18:20,376: ÂÊË:  0   0
INFO -> 2022-12-25 15:18:30,644: Ñîñòîÿíèå ÊÓ íà: Sun Dec 25 15:18:30 2022
INFO -> 2022-12-25 15:18:30,644:      ¹1  ¹2  ¹3  ¹4  ¹5  ¹6  ¹7  ¹8
INFO -> 2022-12-25 15:18:30,644: ÂÊË:  0   0
INFO -> 2022-12-25 15:18:40,924: Ñîñòîÿíèå ÊÓ íà: Sun Dec 25 15:18:40 2022
INFO -> 2022-12-25 15:18:40,924:      ¹1  ¹2  ¹3  ¹4  ¹5  ¹6  ¹7  ¹8
INFO -> 2022-12-25 15:18:40,924: ÂÊË:  0   0
INFO -> 2022-12-25 15:18:51,219: Ñîñòîÿíèå ÊÓ íà: Sun Dec 25 15:18:51 2022
INFO -> 2022-12-25 15:18:51,219:      ¹1  ¹2  ¹3  ¹4  ¹5  ¹6  ¹7  ¹8
INFO -> 2022-12-25 15:18:51,219: ÂÊË:  0   0
INFO -> 2022-12-25 15:19:06,134: Ñîñòîÿíèå ÊÓ íà: Sun Dec 25 15:19:06 2022
INFO -> 2022-12-25 15:19:06,134:      ¹1  ¹2  ¹3  ¹4  ¹5  ¹6  ¹7  ¹8
INFO -> 2022-12-25 15:19:06,134: ÂÊË:  0   0   0   0   1   0   1   0
INFO -> 2022-12-25 15:19:16,408: Ñîñòîÿíèå ÊÓ íà: Sun Dec 25 15:19:16 2022
INFO -> 2022-12-25 15:19:16,408:      ¹1  ¹2  ¹3  ¹4  ¹5  ¹6  ¹7  ¹8
INFO -> 2022-12-25 15:19:16,408: ÂÊË:  0   0   0   0   1   0   1   0
INFO -> 2022-12-25 15:19:26,659: Ñîñòîÿíèå ÊÓ íà: Sun Dec 25 15:19:26 2022
INFO -> 2022-12-25 15:19:26,659:      ¹1  ¹2  ¹3  ¹4  ¹5  ¹6  ¹7  ¹8
INFO -> 2022-12-25 15:19:26,659: ÂÊË:  0   0   0   0   1   0   1   0
INFO -> 2022-12-25 15:19:36,910: Ñîñòîÿíèå ÊÓ íà: Sun Dec 25 15:19:36 2022
INFO -> 2022-12-25 15:19:36,910:      ¹1  ¹2  ¹3  ¹4  ¹5  ¹6  ¹7  ¹8
INFO -> 2022-12-25 15:19:36,910: ÂÊË:  0   0   0   0   1   0   1   0
INFO -> 2022-12-25 15:19:47,190: Ñîñòîÿíèå ÊÓ íà: Sun Dec 25 15:19:47 2022
INFO -> 2022-12-25 15:19:47,191:      ¹1  ¹2  ¹3  ¹4  ¹5  ¹6  ¹7  ¹8
INFO -> 2022-12-25 15:19:47,191: ÂÊË:  0   0   0   0   1   0   1   0
INFO -> 2022-12-25 15:19:57,453: Ñîñòîÿíèå ÊÓ íà: Sun Dec 25 15:19:57 2022
INFO -> 2022-12-25 15:19:57,453:      ¹1  ¹2  ¹3  ¹4  ¹5  ¹6  ¹7  ¹8
INFO -> 2022-12-25 15:19:57,453: ÂÊË:  0   0   0   0   1   0   1   0
INFO -> 2022-12-25 15:20:07,711: Ñîñòîÿíèå ÊÓ íà: Sun Dec 25 15:20:07 2022
INFO -> 2022-12-25 15:20:07,711:      ¹1  ¹2  ¹3  ¹4  ¹5  ¹6  ¹7  ¹8
INFO -> 2022-12-25 15:20:07,711: ÂÊË:  0   0   0   0   1   0   1   0
INFO -> 2022-12-25 15:20:18,002: Ñîñòîÿíèå ÊÓ íà: Sun Dec 25 15:20:18 2022
INFO -> 2022-12-25 15:20:18,002:      ¹1  ¹2  ¹3  ¹4  ¹5  ¹6  ¹7  ¹8
INFO -> 2022-12-25 15:20:18,002: ÂÊË:  0   0   0   0   1   0   1   0
INFO -> 2022-12-25 15:20:28,269: Ñîñòîÿíèå ÊÓ íà: Sun Dec 25 15:20:28 2022
INFO -> 2022-12-25 15:20:28,269:      ¹1  ¹2  ¹3  ¹4  ¹5  ¹6  ¹7  ¹8
INFO -> 2022-12-25 15:20:28,269: ÂÊË:  0   0   0   0   1   0   1   0
INFO -> 2022-12-25 15:20:38,532: Ñîñòîÿíèå ÊÓ íà: Sun Dec 25 15:20:38 2022
INFO -> 2022-12-25 15:20:38,532:      ¹1  ¹2  ¹3  ¹4  ¹5  ¹6  ¹7  ¹8
INFO -> 2022-12-25 15:20:38,532: ÂÊË:  0   0   0   0   1   0   1   0
INFO -> 2022-12-25 15:20:48,769: Ñîñòîÿíèå ÊÓ íà: Sun Dec 25 15:20:48 2022
INFO -> 2022-12-25 15:20:48,769:      ¹1  ¹2  ¹3  ¹4  ¹5  ¹6  ¹7  ¹8
INFO -> 2022-12-25 15:20:48,769: ÂÊË:  0   0   0   0   1   0   1   0
INFO -> 2022-12-25 15:20:59,042: Ñîñòîÿíèå ÊÓ íà: Sun Dec 25 15:20:59 2022
INFO -> 2022-12-25 15:20:59,042:      ¹1  ¹2  ¹3  ¹4  ¹5  ¹6  ¹7  ¹8
INFO -> 2022-12-25 15:20:59,042: ÂÊË:  0   0   0   0   1   0   1   0
INFO -> 2022-12-25 15:21:09,499: Ñîñòîÿíèå ÊÓ íà: Sun Dec 25 15:21:09 2022
INFO -> 2022-12-25 15:21:09,500:      ¹1  ¹2  ¹3  ¹4  ¹5  ¹6  ¹7  ¹8
INFO -> 2022-12-25 15:21:09,500: ÂÊË:  0   0   0   0   1   0   1   0
INFO -> 2022-12-25 15:21:19,787: Ñîñòîÿíèå ÊÓ íà: Sun Dec 25 15:21:19 2022
INFO -> 2022-12-25 15:21:19,787:      ¹1  ¹2  ¹3  ¹4  ¹5  ¹6  ¹7  ¹8
INFO -> 2022-12-25 15:21:19,787: ÂÊË:  0   0   0   0   1   0   1   0
INFO -> 2022-12-25 15:21:30,084: Ñîñòîÿíèå ÊÓ íà: Sun Dec 25 15:21:30 2022
INFO -> 2022-12-25 15:21:30,084:      ¹1  ¹2  ¹3  ¹4  ¹5  ¹6  ¹7  ¹8
INFO -> 2022-12-25 15:21:30,084: ÂÊË:  0   0   0   0   1   0   1   0
INFO -> 2022-12-25 15:21:40,351: Ñîñòîÿíèå ÊÓ íà: Sun Dec 25 15:21:40 2022
INFO -> 2022-12-25 15:21:40,351:      ¹1  ¹2  ¹3  ¹4  ¹5  ¹6  ¹7  ¹8
INFO -> 2022-12-25 15:21:40,351: ÂÊË:  0   0   0   0   1   0   1   0
INFO -> 2022-12-25 15:21:50,613: Ñîñòîÿíèå ÊÓ íà: Sun Dec 25 15:21:50 2022
INFO -> 2022-12-25 15:21:50,613:      ¹1  ¹2  ¹3  ¹4  ¹5  ¹6  ¹7  ¹8
INFO -> 2022-12-25 15:21:50,613: ÂÊË:  0   0   0   0   1   0   1   0
INFO -> 2022-12-25 15:22:01,137: Ñîñòîÿíèå ÊÓ íà: Sun Dec 25 15:22:01 2022
INFO -> 2022-12-25 15:22:01,137:      ¹1  ¹2  ¹3  ¹4  ¹5  ¹6  ¹7  ¹8
INFO -> 2022-12-25 15:22:01,137: ÂÊË:  0   0   0   0   1   0   1   0
INFO -> 2022-12-25 15:22:01,137: ÇÀÃ:  0   0   0   0   0   0   0   0
INFO -> 2022-12-25 15:22:01,137: *************************************************************************************************
INFO -> 2022-12-25 15:22:11,385: Ñîñòîÿíèå ÊÓ íà: Sun Dec 25 15:22:11 2022
INFO -> 2022-12-25 15:22:11,385:      ¹1  ¹2  ¹3  ¹4  ¹5  ¹6  ¹7  ¹8
INFO -> 2022-12-25 15:22:11,385: ÂÊË:  0   0   0   0   1   0   1   0
INFO -> 2022-12-25 15:22:11,385: ÇÀÃ:  0   0   0   0   0   0   0   0
INFO -> 2022-12-25 15:22:11,385: *************************************************************************************************
INFO -> 2022-12-25 15:22:21,647: Ñîñòîÿíèå ÊÓ íà: Sun Dec 25 15:22:21 2022
INFO -> 2022-12-25 15:22:21,647:      ¹1  ¹2  ¹3  ¹4  ¹5  ¹6  ¹7  ¹8
INFO -> 2022-12-25 15:22:21,647: ÂÊË:  0   0   0   0   1   0   1   0
INFO -> 2022-12-25 15:22:21,647: ÇÀÃ:  0   0   0   0   0   0   0   0
INFO -> 2022-12-25 15:22:21,647: *************************************************************************************************
INFO -> 2022-12-25 15:22:31,917: Ñîñòîÿíèå ÊÓ íà: Sun Dec 25 15:22:31 2022
INFO -> 2022-12-25 15:22:31,917:      ¹1  ¹2  ¹3  ¹4  ¹5  ¹6  ¹7  ¹8
INFO -> 2022-12-25 15:22:31,917: ÂÊË:  0   0   0   0   1   0   1   0
INFO -> 2022-12-25 15:22:31,917: ÇÀÃ:  0   0   0   0   0   0   0   0
INFO -> 2022-12-25 15:22:31,917: *************************************************************************************************
INFO -> 2022-12-25 15:22:42,363: Ñîñòîÿíèå ÊÓ íà: Sun Dec 25 15:22:42 2022
INFO -> 2022-12-25 15:22:42,363:      ¹1  ¹2  ¹3  ¹4  ¹5  ¹6  ¹7  ¹8
INFO -> 2022-12-25 15:22:42,363: ÂÊË:  0   0   0   0   1   0   1   0
INFO -> 2022-12-25 15:22:42,363: ÇÀÃ:  0   0   0   0   0   0   0   0
INFO -> 2022-12-25 15:22:42,363: *************************************************************************************************
INFO -> 2022-12-25 15:22:52,637: Ñîñòîÿíèå ÊÓ íà: Sun Dec 25 15:22:52 2022
INFO -> 2022-12-25 15:22:52,637:      ¹1  ¹2  ¹3  ¹4  ¹5  ¹6  ¹7  ¹8
INFO -> 2022-12-25 15:22:52,638: ÂÊË:  0   0   0   0   1   0   1   0
INFO -> 2022-12-25 15:22:52,638: ÇÀÃ:  0   0   0   0   0   0   0   0
INFO -> 2022-12-25 15:22:52,638: *************************************************************************************************
INFO -> 2022-12-25 15:23:02,917: Ñîñòîÿíèå ÊÓ íà: Sun Dec 25 15:23:02 2022
INFO -> 2022-12-25 15:23:02,917:      ¹1  ¹2  ¹3  ¹4  ¹5  ¹6  ¹7  ¹8
INFO -> 2022-12-25 15:23:02,917: ÂÊË:  0   0   0   0   1   0   1   0
INFO -> 2022-12-25 15:23:02,917: ÇÀÃ:  0   0   0   0   0   0   0   0
INFO -> 2022-12-25 15:23:02,917: *************************************************************************************************
INFO -> 2022-12-25 15:24:45,022: Ñîñòîÿíèå ÊÓ íà: Sun Dec 25 15:24:45 2022
INFO -> 2022-12-25 15:24:45,022:      ¹1  ¹2  ¹3  ¹4  ¹5  ¹6  ¹7  ¹8
INFO -> 2022-12-25 15:24:45,022: ÂÊË:  0   0   0   0   1   0   1   0
INFO -> 2022-12-25 15:24:45,022: ÇÀÃ:  0   0   0   0   0   0   0   0
INFO -> 2022-12-25 15:24:45,022: *************************************************************************************************
INFO -> 2022-12-25 15:24:55,305: Ñîñòîÿíèå ÊÓ íà: Sun Dec 25 15:24:55 2022
INFO -> 2022-12-25 15:24:55,305:      ¹1  ¹2  ¹3  ¹4  ¹5  ¹6  ¹7  ¹8
INFO -> 2022-12-25 15:24:55,305: ÂÊË:  0   0   0   0   1   0   1   0
INFO -> 2022-12-25 15:24:55,305: ÇÀÃ:  0   0   0   0   0   0   0   0
INFO -> 2022-12-25 15:24:55,305: *************************************************************************************************
INFO -> 2022-12-25 15:25:06,293: Ñîñòîÿíèå ÊÓ íà: Sun Dec 25 15:25:06 2022
INFO -> 2022-12-25 15:25:06,293:      ¹1  ¹2  ¹3  ¹4  ¹5  ¹6  ¹7  ¹8
INFO -> 2022-12-25 15:25:06,293: ÂÊË:  0   0   0   0   1   0   1   0
INFO -> 2022-12-25 15:25:06,293: ÇÀÃ:  0   0   0   0   0   0   0   0
INFO -> 2022-12-25 15:25:06,293: *************************************************************************************************
INFO -> 2022-12-25 15:25:16,546: Ñîñòîÿíèå ÊÓ íà: Sun Dec 25 15:25:16 2022
INFO -> 2022-12-25 15:25:16,546:      ¹1  ¹2  ¹3  ¹4  ¹5  ¹6  ¹7  ¹8
INFO -> 2022-12-25 15:25:16,546: ÂÊË:  0   0   0   0   1   0   1   0
INFO -> 2022-12-25 15:25:16,546: ÇÀÃ:  0   0   0   0   0   0   0   0
INFO -> 2022-12-25 15:25:16,546: *************************************************************************************************
INFO -> 2022-12-25 15:25:26,917: Ñîñòîÿíèå ÊÓ íà: Sun Dec 25 15:25:26 2022
INFO -> 2022-12-25 15:25:26,917:      ¹1  ¹2  ¹3  ¹4  ¹5  ¹6  ¹7  ¹8
INFO -> 2022-12-25 15:25:26,917: ÂÊË:  0   0   0   0   1   0   1   0
INFO -> 2022-12-25 15:25:26,917: ÇÀÃ:  0   0   0   0   0   0   0   0
INFO -> 2022-12-25 15:25:26,917: *************************************************************************************************
INFO -> 2022-12-25 15:25:37,197: Ñîñòîÿíèå ÊÓ íà: Sun Dec 25 15:25:37 2022
INFO -> 2022-12-25 15:25:37,197:      ¹1  ¹2  ¹3  ¹4  ¹5  ¹6  ¹7  ¹8
INFO -> 2022-12-25 15:25:37,197: ÂÊË:  0   0   0   0   1   0   1   0
INFO -> 2022-12-25 15:25:37,197: ÇÀÃ:  0   0   0   0   0   0   0   0
INFO -> 2022-12-25 15:25:37,197: *************************************************************************************************
INFO -> 2022-12-25 15:25:47,475: Ñîñòîÿíèå ÊÓ íà: Sun Dec 25 15:25:47 2022
INFO -> 2022-12-25 15:25:47,475:      ¹1  ¹2  ¹3  ¹4  ¹5  ¹6  ¹7  ¹8
INFO -> 2022-12-25 15:25:47,475: ÂÊË:  0   0   0   0   1   0   1   0
INFO -> 2022-12-25 15:25:47,475: ÇÀÃ:  0   0   0   0   0   0   0   0
INFO -> 2022-12-25 15:25:47,475: *************************************************************************************************
INFO -> 2022-12-25 15:25:57,754: Ñîñòîÿíèå ÊÓ íà: Sun Dec 25 15:25:57 2022
INFO -> 2022-12-25 15:25:57,754:      ¹1  ¹2  ¹3  ¹4  ¹5  ¹6  ¹7  ¹8
INFO -> 2022-12-25 15:25:57,754: ÂÊË:  0   0   0   0   1   0   1   0
INFO -> 2022-12-25 15:25:57,754: ÇÀÃ:  0   0   0   0   0   0   0   0
INFO -> 2022-12-25 15:25:57,754: *************************************************************************************************
INFO -> 2022-12-25 15:26:08,037: Ñîñòîÿíèå ÊÓ íà: Sun Dec 25 15:26:08 2022
INFO -> 2022-12-25 15:26:08,037:      ¹1  ¹2  ¹3  ¹4  ¹5  ¹6  ¹7  ¹8
INFO -> 2022-12-25 15:26:08,037: ÂÊË:  0   0   0   0   1   0   1   0
INFO -> 2022-12-25 15:26:08,037: ÇÀÃ:  0   0   0   0   0   0   0   0
INFO -> 2022-12-25 15:26:08,037: *************************************************************************************************
INFO -> 2022-12-25 15:26:18,297: Ñîñòîÿíèå ÊÓ íà: Sun Dec 25 15:26:18 2022
INFO -> 2022-12-25 15:26:18,297:      ¹1  ¹2  ¹3  ¹4  ¹5  ¹6  ¹7  ¹8
INFO -> 2022-12-25 15:26:18,297: ÂÊË:  0   0   0   0   1   0   1   0
INFO -> 2022-12-25 15:26:18,297: ÇÀÃ:  0   0   0   0   0   0   0   0
INFO -> 2022-12-25 15:26:18,297: *************************************************************************************************
INFO -> 2022-12-25 15:26:28,538: Ñîñòîÿíèå ÊÓ íà: Sun Dec 25 15:26:28 2022
INFO -> 2022-12-25 15:26:28,538:      ¹1  ¹2  ¹3  ¹4  ¹5  ¹6  ¹7  ¹8
INFO -> 2022-12-25 15:26:28,538: ÂÊË:  0   0   0   0   1   0   1   0
INFO -> 2022-12-25 15:26:28,538: ÇÀÃ:  0   0   0   0   0   0   0   0
INFO -> 2022-12-25 15:26:28,538: *************************************************************************************************
INFO -> 2022-12-25 15:26:38,814: Ñîñòîÿíèå ÊÓ íà: Sun Dec 25 15:26:38 2022
INFO -> 2022-12-25 15:26:38,814:      ¹1  ¹2  ¹3  ¹4  ¹5  ¹6  ¹7  ¹8
INFO -> 2022-12-25 15:26:38,814: ÂÊË:  0   0   0   0   1   0   1   0
INFO -> 2022-12-25 15:26:38,814: ÇÀÃ:  0   0   0   0   0   0   0   0
INFO -> 2022-12-25 15:26:38,814: *************************************************************************************************
INFO -> 2022-12-25 15:26:49,086: Ñîñòîÿíèå ÊÓ íà: Sun Dec 25 15:26:49 2022
INFO -> 2022-12-25 15:26:49,086:      ¹1  ¹2  ¹3  ¹4  ¹5  ¹6  ¹7  ¹8
INFO -> 2022-12-25 15:26:49,086: ÂÊË:  0   0   0   0   1   0   1   0
INFO -> 2022-12-25 15:26:49,086: ÇÀÃ:  0   0   0   0   0   0   0   0
INFO -> 2022-12-25 15:26:49,086: *************************************************************************************************
INFO -> 2022-12-25 15:26:59,363: Ñîñòîÿíèå ÊÓ íà: Sun Dec 25 15:26:59 2022
INFO -> 2022-12-25 15:26:59,363:      ¹1  ¹2  ¹3  ¹4  ¹5  ¹6  ¹7  ¹8
INFO -> 2022-12-25 15:26:59,363: ÂÊË:  0   0   0   0   1   0   1   0
INFO -> 2022-12-25 15:26:59,363: ÇÀÃ:  0   0   0   0   0   0   0   0
INFO -> 2022-12-25 15:26:59,363: *************************************************************************************************
INFO -> 2022-12-25 15:27:09,641: Ñîñòîÿíèå ÊÓ íà: Sun Dec 25 15:27:09 2022
INFO -> 2022-12-25 15:27:09,641:      ¹1  ¹2  ¹3  ¹4  ¹5  ¹6  ¹7  ¹8
INFO -> 2022-12-25 15:27:09,641: ÂÊË:  0   0   0   0   1   0   1   0
INFO -> 2022-12-25 15:27:09,641: ÇÀÃ:  0   0   0   0   0   0   0   0
INFO -> 2022-12-25 15:27:09,641: *************************************************************************************************
INFO -> 2022-12-25 15:27:19,921: Ñîñòîÿíèå ÊÓ íà: Sun Dec 25 15:27:19 2022
INFO -> 2022-12-25 15:27:19,921:      ¹1  ¹2  ¹3  ¹4  ¹5  ¹6  ¹7  ¹8
INFO -> 2022-12-25 15:27:19,921: ÂÊË:  0   0   0   0   1   0   1   0
INFO -> 2022-12-25 15:27:19,921: ÇÀÃ:  0   0   0   0   0   0   0   0
INFO -> 2022-12-25 15:27:19,921: *************************************************************************************************
INFO -> 2022-12-25 15:27:30,202: Ñîñòîÿíèå ÊÓ íà: Sun Dec 25 15:27:30 2022
INFO -> 2022-12-25 15:27:30,202:      ¹1  ¹2  ¹3  ¹4  ¹5  ¹6  ¹7  ¹8
INFO -> 2022-12-25 15:27:30,202: ÂÊË:  0   0   0   0   1   0   1   0
INFO -> 2022-12-25 15:27:30,202: ÇÀÃ:  0   0   0   0   0   0   0   0
INFO -> 2022-12-25 15:27:30,202: *************************************************************************************************
INFO -> 2022-12-25 15:27:40,469: Ñîñòîÿíèå ÊÓ íà: Sun Dec 25 15:27:40 2022
INFO -> 2022-12-25 15:27:40,469:      ¹1  ¹2  ¹3  ¹4  ¹5  ¹6  ¹7  ¹8
INFO -> 2022-12-25 15:27:40,469: ÂÊË:  0   0   0   0   1   0   1   0
INFO -> 2022-12-25 15:27:40,469: ÇÀÃ:  0   0   0   0   0   0   0   0
INFO -> 2022-12-25 15:27:40,469: *************************************************************************************************
INFO -> 2022-12-25 15:27:50,721: Ñîñòîÿíèå ÊÓ íà: Sun Dec 25 15:27:50 2022
INFO -> 2022-12-25 15:27:50,721:      ¹1  ¹2  ¹3  ¹4  ¹5  ¹6  ¹7  ¹8
INFO -> 2022-12-25 15:27:50,721: ÂÊË:  0   0   0   0   1   0   1   0
INFO -> 2022-12-25 15:27:50,721: ÇÀÃ:  0   0   0   0   0   0   0   0
INFO -> 2022-12-25 15:27:50,721: *************************************************************************************************
INFO -> 2022-12-25 15:28:00,990: Ñîñòîÿíèå ÊÓ íà: Sun Dec 25 15:28:00 2022
INFO -> 2022-12-25 15:28:00,990:      ¹1  ¹2  ¹3  ¹4  ¹5  ¹6  ¹7  ¹8
INFO -> 2022-12-25 15:28:00,990: ÂÊË:  0   0   0   0   1   0   1   0
INFO -> 2022-12-25 15:28:00,990: ÇÀÃ:  0   0   0   0   0   0   0   0
INFO -> 2022-12-25 15:28:00,990: *************************************************************************************************
INFO -> 2022-12-25 15:28:11,260: Ñîñòîÿíèå ÊÓ íà: Sun Dec 25 15:28:11 2022
INFO -> 2022-12-25 15:28:11,260:      ¹1  ¹2  ¹3  ¹4  ¹5  ¹6  ¹7  ¹8
INFO -> 2022-12-25 15:28:11,260: ÂÊË:  0   0   0   0   1   0   1   0
INFO -> 2022-12-25 15:28:11,260: ÇÀÃ:  0   0   0   0   0   0   0   0
INFO -> 2022-12-25 15:28:11,260: *************************************************************************************************
INFO -> 2022-12-25 15:28:21,545: Ñîñòîÿíèå ÊÓ íà: Sun Dec 25 15:28:21 2022
INFO -> 2022-12-25 15:28:21,545:      ¹1  ¹2  ¹3  ¹4  ¹5  ¹6  ¹7  ¹8
INFO -> 2022-12-25 15:28:21,545: ÂÊË:  0   0   0   0   1   0   1   0
INFO -> 2022-12-25 15:28:21,545: ÇÀÃ:  0   0   0   0   0   0   0   0
INFO -> 2022-12-25 15:28:21,545: *************************************************************************************************
INFO -> 2022-12-25 15:28:40,362: Ñîñòîÿíèå ÊÓ íà: Sun Dec 25 15:28:40 2022
INFO -> 2022-12-25 15:28:40,362:      ¹1  ¹2  ¹3  ¹4  ¹5  ¹6  ¹7  ¹8
INFO -> 2022-12-25 15:28:40,362: ÂÊË:  0   0   0   0   1   0   1   0
INFO -> 2022-12-25 15:28:40,362: ÇÀÃ:  0   0   0   0   0   0   0   0
INFO -> 2022-12-25 15:28:40,362: *************************************************************************************************
INFO -> 2022-12-25 15:28:50,421: Ñîñòîÿíèå ÊÓ íà: Sun Dec 25 15:28:50 2022
INFO -> 2022-12-25 15:28:50,421:      ¹1  ¹2  ¹3  ¹4  ¹5  ¹6  ¹7  ¹8
INFO -> 2022-12-25 15:28:50,421: ÂÊË:  0   0   0   0   1   0   1   0
INFO -> 2022-12-25 15:28:50,421: ÇÀÃ:  0   0   0   0   0   0   0   0
INFO -> 2022-12-25 15:28:50,421: *************************************************************************************************
INFO -> 2022-12-25 15:29:00,700: Ñîñòîÿíèå ÊÓ íà: Sun Dec 25 15:29:00 2022
INFO -> 2022-12-25 15:29:00,700:      ¹1  ¹2  ¹3  ¹4  ¹5  ¹6  ¹7  ¹8
INFO -> 2022-12-25 15:29:00,700: ÂÊË:  0   0   0   0   0   0   1   0
INFO -> 2022-12-25 15:29:00,700: ÇÀÃ:  0   0   0   0   0   0   0   0
INFO -> 2022-12-25 15:29:00,701: *************************************************************************************************
INFO -> 2022-12-25 15:29:10,938: Ñîñòîÿíèå ÊÓ íà: Sun Dec 25 15:29:10 2022
INFO -> 2022-12-25 15:29:10,938:      ¹1  ¹2  ¹3  ¹4  ¹5  ¹6  ¹7  ¹8
INFO -> 2022-12-25 15:29:10,938: ÂÊË:  0   0   0   0   0   0   1   0
INFO -> 2022-12-25 15:29:10,939: ÇÀÃ:  0   0   0   0   0   0   0   0
INFO -> 2022-12-25 15:29:10,939: *************************************************************************************************
INFO -> 2022-12-25 15:29:21,231: Ñîñòîÿíèå ÊÓ íà: Sun Dec 25 15:29:21 2022
INFO -> 2022-12-25 15:29:21,231:      ¹1  ¹2  ¹3  ¹4  ¹5  ¹6  ¹7  ¹8
INFO -> 2022-12-25 15:29:21,231: ÂÊË:  0   0   0   0   0   0   1   0
INFO -> 2022-12-25 15:29:21,231: ÇÀÃ:  0   0   0   0   0   0   0   0
INFO -> 2022-12-25 15:29:21,231: *************************************************************************************************
INFO -> 2022-12-25 15:29:31,478: Ñîñòîÿíèå ÊÓ íà: Sun Dec 25 15:29:31 2022
INFO -> 2022-12-25 15:29:31,478:      ¹1  ¹2  ¹3  ¹4  ¹5  ¹6  ¹7  ¹8
INFO -> 2022-12-25 15:29:31,479: ÂÊË:  0   0   0   0   0   0   1   0
INFO -> 2022-12-25 15:29:31,479: ÇÀÃ:  0   0   0   0   0   0   0   0
INFO -> 2022-12-25 15:29:31,479: *************************************************************************************************
INFO -> 2022-12-25 15:29:41,721: Ñîñòîÿíèå ÊÓ íà: Sun Dec 25 15:29:41 2022
INFO -> 2022-12-25 15:29:41,721:      ¹1  ¹2  ¹3  ¹4  ¹5  ¹6  ¹7  ¹8
INFO -> 2022-12-25 15:29:41,721: ÂÊË:  0   0   0   0   0   0   1   0
INFO -> 2022-12-25 15:29:41,721: ÇÀÃ:  0   0   0   0   0   0   0   0
INFO -> 2022-12-25 15:29:41,722: *************************************************************************************************
INFO -> 2022-12-25 15:29:51,993: Ñîñòîÿíèå ÊÓ íà: Sun Dec 25 15:29:51 2022
INFO -> 2022-12-25 15:29:51,993:      ¹1  ¹2  ¹3  ¹4  ¹5  ¹6  ¹7  ¹8
INFO -> 2022-12-25 15:29:51,993: ÂÊË:  0   0   0   0   0   0   1   0
INFO -> 2022-12-25 15:29:51,993: ÇÀÃ:  0   0   0   0   0   0   0   0
INFO -> 2022-12-25 15:29:51,993: *************************************************************************************************
INFO -> 2022-12-25 15:30:02,251: Ñîñòîÿíèå ÊÓ íà: Sun Dec 25 15:30:02 2022
INFO -> 2022-12-25 15:30:02,251:      ¹1  ¹2  ¹3  ¹4  ¹5  ¹6  ¹7  ¹8
INFO -> 2022-12-25 15:30:02,251: ÂÊË:  0   0   0   0   1   0   1   0
INFO -> 2022-12-25 15:30:02,252: ÇÀÃ:  0   0   0   0   0   0   0   0
INFO -> 2022-12-25 15:30:02,252: *************************************************************************************************
INFO -> 2022-12-25 15:30:12,524: Ñîñòîÿíèå ÊÓ íà: Sun Dec 25 15:30:12 2022
INFO -> 2022-12-25 15:30:12,524:      ¹1  ¹2  ¹3  ¹4  ¹5  ¹6  ¹7  ¹8
INFO -> 2022-12-25 15:30:12,524: ÂÊË:  0   0   0   0   1   0   1   0
INFO -> 2022-12-25 15:30:12,524: ÇÀÃ:  0   0   0   0   0   0   0   0
INFO -> 2022-12-25 15:30:12,524: *************************************************************************************************
INFO -> 2022-12-25 15:30:22,776: Ñîñòîÿíèå ÊÓ íà: Sun Dec 25 15:30:22 2022
INFO -> 2022-12-25 15:30:22,776:      ¹1  ¹2  ¹3  ¹4  ¹5  ¹6  ¹7  ¹8
INFO -> 2022-12-25 15:30:22,776: ÂÊË:  0   0   0   0   1   0   1   0
INFO -> 2022-12-25 15:30:22,776: ÇÀÃ:  0   0   0   0   0   0   0   0
INFO -> 2022-12-25 15:30:22,776: *************************************************************************************************
INFO -> 2022-12-25 15:30:33,056: Ñîñòîÿíèå ÊÓ íà: Sun Dec 25 15:30:33 2022
INFO -> 2022-12-25 15:30:33,056:      ¹1  ¹2  ¹3  ¹4  ¹5  ¹6  ¹7  ¹8
INFO -> 2022-12-25 15:30:33,056: ÂÊË:  0   0   0   0   1   0   1   0
INFO -> 2022-12-25 15:30:33,056: ÇÀÃ:  0   0   0   0   0   0   0   0
INFO -> 2022-12-25 15:30:33,056: *************************************************************************************************
INFO -> 2022-12-25 15:30:43,316: Ñîñòîÿíèå ÊÓ íà: Sun Dec 25 15:30:43 2022
INFO -> 2022-12-25 15:30:43,316:      ¹1  ¹2  ¹3  ¹4  ¹5  ¹6  ¹7  ¹8
INFO -> 2022-12-25 15:30:43,316: ÂÊË:  0   0   0   0   1   0   1   0
INFO -> 2022-12-25 15:30:43,316: ÇÀÃ:  0   0   0   0   0   0   0   0
INFO -> 2022-12-25 15:30:43,316: *************************************************************************************************
INFO -> 2022-12-25 15:30:53,591: Ñîñòîÿíèå ÊÓ íà: Sun Dec 25 15:30:53 2022
INFO -> 2022-12-25 15:30:53,591:      ¹1  ¹2  ¹3  ¹4  ¹5  ¹6  ¹7  ¹8
INFO -> 2022-12-25 15:30:53,591: ÂÊË:  0   0   0   0   1   0   1   0
INFO -> 2022-12-25 15:30:53,591: ÇÀÃ:  0   0   0   0   0   0   0   0
INFO -> 2022-12-25 15:30:53,591: *************************************************************************************************
INFO -> 2022-12-25 15:31:03,859: Ñîñòîÿíèå ÊÓ íà: Sun Dec 25 15:31:03 2022
INFO -> 2022-12-25 15:31:03,859:      ¹1  ¹2  ¹3  ¹4  ¹5  ¹6  ¹7  ¹8
INFO -> 2022-12-25 15:31:03,859: ÂÊË:  0   0   0   0   1   0   1   0
INFO -> 2022-12-25 15:31:03,859: ÇÀÃ:  0   0   0   0   0   0   0   0
INFO -> 2022-12-25 15:31:03,859: *************************************************************************************************
INFO -> 2022-12-25 15:31:14,174: Ñîñòîÿíèå ÊÓ íà: Sun Dec 25 15:31:14 2022
INFO -> 2022-12-25 15:31:14,174:      ¹1  ¹2  ¹3  ¹4  ¹5  ¹6  ¹7  ¹8
INFO -> 2022-12-25 15:31:14,174: ÂÊË:  0   0   0   0   1   0   1   0
INFO -> 2022-12-25 15:31:14,174: ÇÀÃ:  0   0   0   0   0   0   0   0
INFO -> 2022-12-25 15:31:14,174: *************************************************************************************************
INFO -> 2022-12-25 15:31:24,443: Ñîñòîÿíèå ÊÓ íà: Sun Dec 25 15:31:24 2022
INFO -> 2022-12-25 15:31:24,443:      ¹1  ¹2  ¹3  ¹4  ¹5  ¹6  ¹7  ¹8
INFO -> 2022-12-25 15:31:24,443: ÂÊË:  0   0   0   0   1   0   1   0
INFO -> 2022-12-25 15:31:24,443: ÇÀÃ:  0   0   0   0   0   0   0   0
INFO -> 2022-12-25 15:31:24,443: *************************************************************************************************
INFO -> 2022-12-25 15:31:34,721: Ñîñòîÿíèå ÊÓ íà: Sun Dec 25 15:31:34 2022
INFO -> 2022-12-25 15:31:34,721:      ¹1  ¹2  ¹3  ¹4  ¹5  ¹6  ¹7  ¹8
INFO -> 2022-12-25 15:31:34,721: ÂÊË:  0   0   0   0   1   0   1   0
INFO -> 2022-12-25 15:31:34,721: ÇÀÃ:  0   0   0   0   0   0   0   0
INFO -> 2022-12-25 15:31:34,721: *************************************************************************************************
INFO -> 2022-12-25 15:31:44,981: Ñîñòîÿíèå ÊÓ íà: Sun Dec 25 15:31:44 2022
INFO -> 2022-12-25 15:31:44,981:      ¹1  ¹2  ¹3  ¹4  ¹5  ¹6  ¹7  ¹8
INFO -> 2022-12-25 15:31:44,981: ÂÊË:  0   0   0   0   1   0   1   0
INFO -> 2022-12-25 15:31:44,981: ÇÀÃ:  0   0   0   0   0   0   0   0
INFO -> 2022-12-25 15:31:44,981: *************************************************************************************************
INFO -> 2022-12-25 15:31:55,236: Ñîñòîÿíèå ÊÓ íà: Sun Dec 25 15:31:55 2022
INFO -> 2022-12-25 15:31:55,236:      ¹1  ¹2  ¹3  ¹4  ¹5  ¹6  ¹7  ¹8
INFO -> 2022-12-25 15:31:55,236: ÂÊË:  0   0   0   0   1   0   1   0
INFO -> 2022-12-25 15:31:55,236: ÇÀÃ:  0   0   0   0   0   0   0   0
INFO -> 2022-12-25 15:31:55,236: *************************************************************************************************
INFO -> 2022-12-25 15:32:05,526: Ñîñòîÿíèå ÊÓ íà: Sun Dec 25 15:32:05 2022
INFO -> 2022-12-25 15:32:05,526:      ¹1  ¹2  ¹3  ¹4  ¹5  ¹6  ¹7  ¹8
INFO -> 2022-12-25 15:32:05,526: ÂÊË:  0   0   0   0   1   0   1   0
INFO -> 2022-12-25 15:32:05,526: ÇÀÃ:  0   0   0   0   0   0   0   0
INFO -> 2022-12-25 15:32:05,526: *************************************************************************************************
INFO -> 2022-12-25 15:32:15,786: Ñîñòîÿíèå ÊÓ íà: Sun Dec 25 15:32:15 2022
INFO -> 2022-12-25 15:32:15,786:      ¹1  ¹2  ¹3  ¹4  ¹5  ¹6  ¹7  ¹8
INFO -> 2022-12-25 15:32:15,786: ÂÊË:  0   0   0   0   1   0   1   0
INFO -> 2022-12-25 15:32:15,786: ÇÀÃ:  0   0   0   0   0   0   0   0
INFO -> 2022-12-25 15:32:15,786: *************************************************************************************************
INFO -> 2022-12-25 15:32:26,051: Ñîñòîÿíèå ÊÓ íà: Sun Dec 25 15:32:26 2022
INFO -> 2022-12-25 15:32:26,051:      ¹1  ¹2  ¹3  ¹4  ¹5  ¹6  ¹7  ¹8
INFO -> 2022-12-25 15:32:26,051: ÂÊË:  0   0   0   0   1   0   1   0
INFO -> 2022-12-25 15:32:26,051: ÇÀÃ:  0   0   0   0   0   0   0   0
INFO -> 2022-12-25 15:32:26,051: *************************************************************************************************
INFO -> 2022-12-25 15:32:36,287: Ñîñòîÿíèå ÊÓ íà: Sun Dec 25 15:32:36 2022
INFO -> 2022-12-25 15:32:36,287:      ¹1  ¹2  ¹3  ¹4  ¹5  ¹6  ¹7  ¹8
INFO -> 2022-12-25 15:32:36,287: ÂÊË:  0   0   0   0   1   0   1   0
INFO -> 2022-12-25 15:32:36,287: ÇÀÃ:  0   0   0   0   0   0   0   0
INFO -> 2022-12-25 15:32:36,287: *************************************************************************************************
INFO -> 2022-12-25 15:32:46,535: Ñîñòîÿíèå ÊÓ íà: Sun Dec 25 15:32:46 2022
INFO -> 2022-12-25 15:32:46,535:      ¹1  ¹2  ¹3  ¹4  ¹5  ¹6  ¹7  ¹8
INFO -> 2022-12-25 15:32:46,535: ÂÊË:  0   0   0   0   1   0   1   0
INFO -> 2022-12-25 15:32:46,535: ÇÀÃ:  0   0   0   0   0   0   0   0
INFO -> 2022-12-25 15:32:46,535: *************************************************************************************************
INFO -> 2022-12-25 15:32:56,811: Ñîñòîÿíèå ÊÓ íà: Sun Dec 25 15:32:56 2022
INFO -> 2022-12-25 15:32:56,811:      ¹1  ¹2  ¹3  ¹4  ¹5  ¹6  ¹7  ¹8
INFO -> 2022-12-25 15:32:56,811: ÂÊË:  0   0   0   0   1   0   1   0
INFO -> 2022-12-25 15:32:56,811: ÇÀÃ:  0   0   0   0   0   0   0   0
INFO -> 2022-12-25 15:32:56,811: *************************************************************************************************
INFO -> 2022-12-25 15:33:07,049: Ñîñòîÿíèå ÊÓ íà: Sun Dec 25 15:33:07 2022
INFO -> 2022-12-25 15:33:07,050:      ¹1  ¹2  ¹3  ¹4  ¹5  ¹6  ¹7  ¹8
INFO -> 2022-12-25 15:33:07,050: ÂÊË:  0   0   0   0   1   0   1   0
INFO -> 2022-12-25 15:33:07,050: ÇÀÃ:  0   0   0   0   0   0   0   0
INFO -> 2022-12-25 15:33:07,050: *************************************************************************************************
INFO -> 2022-12-25 15:33:17,346: Ñîñòîÿíèå ÊÓ íà: Sun Dec 25 15:33:17 2022
INFO -> 2022-12-25 15:33:17,346:      ¹1  ¹2  ¹3  ¹4  ¹5  ¹6  ¹7  ¹8
INFO -> 2022-12-25 15:33:17,346: ÂÊË:  0   0   0   0   1   0   1   0
INFO -> 2022-12-25 15:33:17,346: ÇÀÃ:  0   0   0   0   0   0   0   0
INFO -> 2022-12-25 15:33:17,346: *************************************************************************************************
INFO -> 2022-12-25 15:33:27,615: Ñîñòîÿíèå ÊÓ íà: Sun Dec 25 15:33:27 2022
INFO -> 2022-12-25 15:33:27,615:      ¹1  ¹2  ¹3  ¹4  ¹5  ¹6  ¹7  ¹8
INFO -> 2022-12-25 15:33:27,615: ÂÊË:  0   0   0   0   1   0   1   0
INFO -> 2022-12-25 15:33:27,615: ÇÀÃ:  0   0   0   0   0   0   0   0
INFO -> 2022-12-25 15:33:27,615: *************************************************************************************************
INFO -> 2022-12-25 15:33:37,878: Ñîñòîÿíèå ÊÓ íà: Sun Dec 25 15:33:37 2022
INFO -> 2022-12-25 15:33:37,878:      ¹1  ¹2  ¹3  ¹4  ¹5  ¹6  ¹7  ¹8
INFO -> 2022-12-25 15:33:37,878: ÂÊË:  0   0   0   0   1   0   1   0
INFO -> 2022-12-25 15:33:37,878: ÇÀÃ:  0   0   0   0   0   0   0   0
INFO -> 2022-12-25 15:33:37,878: *************************************************************************************************
INFO -> 2022-12-25 15:33:48,135: Ñîñòîÿíèå ÊÓ íà: Sun Dec 25 15:33:48 2022
INFO -> 2022-12-25 15:33:48,135:      ¹1  ¹2  ¹3  ¹4  ¹5  ¹6  ¹7  ¹8
INFO -> 2022-12-25 15:33:48,135: ÂÊË:  0   0   0   0   1   0   1   0
INFO -> 2022-12-25 15:33:48,135: ÇÀÃ:  0   0   0   0   0   0   0   0
INFO -> 2022-12-25 15:33:48,135: *************************************************************************************************
INFO -> 2022-12-25 15:33:58,365: Ñîñòîÿíèå ÊÓ íà: Sun Dec 25 15:33:58 2022
INFO -> 2022-12-25 15:33:58,365:      ¹1  ¹2  ¹3  ¹4  ¹5  ¹6  ¹7  ¹8
INFO -> 2022-12-25 15:33:58,365: ÂÊË:  0   0   0   0   1   0   1   0
INFO -> 2022-12-25 15:33:58,365: ÇÀÃ:  0   0   0   0   0   0   0   0
INFO -> 2022-12-25 15:33:58,365: *************************************************************************************************
INFO -> 2022-12-25 15:34:08,660: Ñîñòîÿíèå ÊÓ íà: Sun Dec 25 15:34:08 2022
INFO -> 2022-12-25 15:34:08,660:      ¹1  ¹2  ¹3  ¹4  ¹5  ¹6  ¹7  ¹8
INFO -> 2022-12-25 15:34:08,660: ÂÊË:  0   0   0   0   1   0   1   0
INFO -> 2022-12-25 15:34:08,660: ÇÀÃ:  0   0   0   0   0   0   0   0
INFO -> 2022-12-25 15:34:08,660: *************************************************************************************************
INFO -> 2022-12-25 15:34:18,931: Ñîñòîÿíèå ÊÓ íà: Sun Dec 25 15:34:18 2022
INFO -> 2022-12-25 15:34:18,931:      ¹1  ¹2  ¹3  ¹4  ¹5  ¹6  ¹7  ¹8
INFO -> 2022-12-25 15:34:18,931: ÂÊË:  0   0   0   0   1   0   1   0
INFO -> 2022-12-25 15:34:18,931: ÇÀÃ:  0   0   0   0   0   0   0   0
INFO -> 2022-12-25 15:34:18,931: *************************************************************************************************
INFO -> 2022-12-25 15:34:29,195: Ñîñòîÿíèå ÊÓ íà: Sun Dec 25 15:34:29 2022
INFO -> 2022-12-25 15:34:29,195:      ¹1  ¹2  ¹3  ¹4  ¹5  ¹6  ¹7  ¹8
INFO -> 2022-12-25 15:34:29,195: ÂÊË:  0   0   0   0   1   0   1   0
INFO -> 2022-12-25 15:34:29,195: ÇÀÃ:  0   0   0   0   0   0   0   0
INFO -> 2022-12-25 15:34:29,195: *************************************************************************************************
INFO -> 2022-12-25 15:34:39,471: Ñîñòîÿíèå ÊÓ íà: Sun Dec 25 15:34:39 2022
INFO -> 2022-12-25 15:34:39,471:      ¹1  ¹2  ¹3  ¹4  ¹5  ¹6  ¹7  ¹8
INFO -> 2022-12-25 15:34:39,471: ÂÊË:  0   0   0   0   1   0   1   0
INFO -> 2022-12-25 15:34:39,471: ÇÀÃ:  0   0   0   0   0   0   0   0
INFO -> 2022-12-25 15:34:39,471: *************************************************************************************************
INFO -> 2022-12-25 15:34:49,743: Ñîñòîÿíèå ÊÓ íà: Sun Dec 25 15:34:49 2022
INFO -> 2022-12-25 15:34:49,743:      ¹1  ¹2  ¹3  ¹4  ¹5  ¹6  ¹7  ¹8
INFO -> 2022-12-25 15:34:49,743: ÂÊË:  0   0   0   0   1   0   1   0
INFO -> 2022-12-25 15:34:49,743: ÇÀÃ:  0   0   0   0   0   0   0   0
INFO -> 2022-12-25 15:34:49,743: *************************************************************************************************
INFO -> 2022-12-25 15:35:00,018: Ñîñòîÿíèå ÊÓ íà: Sun Dec 25 15:35:00 2022
INFO -> 2022-12-25 15:35:00,018:      ¹1  ¹2  ¹3  ¹4  ¹5  ¹6  ¹7  ¹8
INFO -> 2022-12-25 15:35:00,018: ÂÊË:  0   0   0   0   1   0   1   0
INFO -> 2022-12-25 15:35:00,018: ÇÀÃ:  0   0   0   0   0   0   0   0
INFO -> 2022-12-25 15:35:00,018: *************************************************************************************************
INFO -> 2022-12-25 15:35:10,294: Ñîñòîÿíèå ÊÓ íà: Sun Dec 25 15:35:10 2022
INFO -> 2022-12-25 15:35:10,294:      ¹1  ¹2  ¹3  ¹4  ¹5  ¹6  ¹7  ¹8
INFO -> 2022-12-25 15:35:10,294: ÂÊË:  0   0   0   0   1   0   1   0
INFO -> 2022-12-25 15:35:10,294: ÇÀÃ:  0   0   0   0   0   0   0   0
INFO -> 2022-12-25 15:35:10,295: *************************************************************************************************
INFO -> 2022-12-25 15:35:20,567: Ñîñòîÿíèå ÊÓ íà: Sun Dec 25 15:35:20 2022
INFO -> 2022-12-25 15:35:20,567:      ¹1  ¹2  ¹3  ¹4  ¹5  ¹6  ¹7  ¹8
INFO -> 2022-12-25 15:35:20,567: ÂÊË:  0   0   0   0   1   0   1   0
INFO -> 2022-12-25 15:35:20,567: ÇÀÃ:  0   0   0   0   0   0   0   0
INFO -> 2022-12-25 15:35:20,567: *************************************************************************************************
INFO -> 2022-12-25 15:35:30,845: Ñîñòîÿíèå ÊÓ íà: Sun Dec 25 15:35:30 2022
INFO -> 2022-12-25 15:35:30,845:      ¹1  ¹2  ¹3  ¹4  ¹5  ¹6  ¹7  ¹8
INFO -> 2022-12-25 15:35:30,845: ÂÊË:  0   0   0   0   1   0   1   0
INFO -> 2022-12-25 15:35:30,845: ÇÀÃ:  0   0   0   0   0   0   0   0
INFO -> 2022-12-25 15:35:30,845: *************************************************************************************************
INFO -> 2022-12-25 15:35:41,101: Ñîñòîÿíèå ÊÓ íà: Sun Dec 25 15:35:41 2022
INFO -> 2022-12-25 15:35:41,101:      ¹1  ¹2  ¹3  ¹4  ¹5  ¹6  ¹7  ¹8
INFO -> 2022-12-25 15:35:41,101: ÂÊË:  0   0   0   0   1   0   1   0
INFO -> 2022-12-25 15:35:41,101: ÇÀÃ:  0   0   0   0   0   0   0   0
INFO -> 2022-12-25 15:35:41,101: *************************************************************************************************
INFO -> 2022-12-25 15:35:51,382: Ñîñòîÿíèå ÊÓ íà: Sun Dec 25 15:35:51 2022
INFO -> 2022-12-25 15:35:51,382:      ¹1  ¹2  ¹3  ¹4  ¹5  ¹6  ¹7  ¹8
INFO -> 2022-12-25 15:35:51,382: ÂÊË:  0   0   0   0   1   0   1   0
INFO -> 2022-12-25 15:35:51,382: ÇÀÃ:  0   0   0   0   0   0   0   0
INFO -> 2022-12-25 15:35:51,382: *************************************************************************************************
INFO -> 2022-12-25 15:36:01,655: Ñîñòîÿíèå ÊÓ íà: Sun Dec 25 15:36:01 2022
INFO -> 2022-12-25 15:36:01,655:      ¹1  ¹2  ¹3  ¹4  ¹5  ¹6  ¹7  ¹8
INFO -> 2022-12-25 15:36:01,655: ÂÊË:  0   0   0   0   1   0   1   0
INFO -> 2022-12-25 15:36:01,655: ÇÀÃ:  0   0   0   0   0   0   0   0
INFO -> 2022-12-25 15:36:01,655: *************************************************************************************************
INFO -> 2022-12-25 15:36:11,937: Ñîñòîÿíèå ÊÓ íà: Sun Dec 25 15:36:11 2022
INFO -> 2022-12-25 15:36:11,937:      ¹1  ¹2  ¹3  ¹4  ¹5  ¹6  ¹7  ¹8
INFO -> 2022-12-25 15:36:11,937: ÂÊË:  0   0   0   0   1   0   1   0
INFO -> 2022-12-25 15:36:11,937: ÇÀÃ:  0   0   0   0   0   0   0   0
INFO -> 2022-12-25 15:36:11,937: *************************************************************************************************
INFO -> 2022-12-25 15:36:22,214: Ñîñòîÿíèå ÊÓ íà: Sun Dec 25 15:36:22 2022
INFO -> 2022-12-25 15:36:22,215:      ¹1  ¹2  ¹3  ¹4  ¹5  ¹6  ¹7  ¹8
INFO -> 2022-12-25 15:36:22,215: ÂÊË:  0   0   0   0   1   0   1   0
INFO -> 2022-12-25 15:36:22,215: ÇÀÃ:  0   0   0   0   0   0   0   0
INFO -> 2022-12-25 15:36:22,215: *************************************************************************************************
INFO -> 2022-12-25 15:36:32,511: Ñîñòîÿíèå ÊÓ íà: Sun Dec 25 15:36:32 2022
INFO -> 2022-12-25 15:36:32,511:      ¹1  ¹2  ¹3  ¹4  ¹5  ¹6  ¹7  ¹8
INFO -> 2022-12-25 15:36:32,511: ÂÊË:  0   0   0   0   1   0   1   0
INFO -> 2022-12-25 15:36:32,511: ÇÀÃ:  0   0   0   0   0   0   0   0
INFO -> 2022-12-25 15:36:32,511: *************************************************************************************************
INFO -> 2022-12-25 15:36:42,761: Ñîñòîÿíèå ÊÓ íà: Sun Dec 25 15:36:42 2022
INFO -> 2022-12-25 15:36:42,761:      ¹1  ¹2  ¹3  ¹4  ¹5  ¹6  ¹7  ¹8
INFO -> 2022-12-25 15:36:42,761: ÂÊË:  0   0   0   0   1   0   1   0
INFO -> 2022-12-25 15:36:42,761: ÇÀÃ:  0   0   0   0   0   0   0   0
INFO -> 2022-12-25 15:36:42,761: *************************************************************************************************
INFO -> 2022-12-25 15:36:53,056: Ñîñòîÿíèå ÊÓ íà: Sun Dec 25 15:36:53 2022
INFO -> 2022-12-25 15:36:53,056:      ¹1  ¹2  ¹3  ¹4  ¹5  ¹6  ¹7  ¹8
INFO -> 2022-12-25 15:36:53,056: ÂÊË:  0   0   0   0   1   0   1   0
INFO -> 2022-12-25 15:36:53,056: ÇÀÃ:  0   0   0   0   0   0   0   0
INFO -> 2022-12-25 15:36:53,056: *************************************************************************************************
INFO -> 2022-12-25 15:37:03,341: Ñîñòîÿíèå ÊÓ íà: Sun Dec 25 15:37:03 2022
INFO -> 2022-12-25 15:37:03,341:      ¹1  ¹2  ¹3  ¹4  ¹5  ¹6  ¹7  ¹8
INFO -> 2022-12-25 15:37:03,341: ÂÊË:  0   0   0   0   1   0   1   0
INFO -> 2022-12-25 15:37:03,341: ÇÀÃ:  0   0   0   0   0   0   0   0
INFO -> 2022-12-25 15:37:03,341: *************************************************************************************************
INFO -> 2022-12-25 15:37:13,636: Ñîñòîÿíèå ÊÓ íà: Sun Dec 25 15:37:13 2022
INFO -> 2022-12-25 15:37:13,636:      ¹1  ¹2  ¹3  ¹4  ¹5  ¹6  ¹7  ¹8
INFO -> 2022-12-25 15:37:13,636: ÂÊË:  0   0   0   0   1   0   1   0
INFO -> 2022-12-25 15:37:13,636: ÇÀÃ:  0   0   0   0   0   0   0   0
INFO -> 2022-12-25 15:37:13,636: *************************************************************************************************
INFO -> 2022-12-25 15:37:23,903: Ñîñòîÿíèå ÊÓ íà: Sun Dec 25 15:37:23 2022
INFO -> 2022-12-25 15:37:23,903:      ¹1  ¹2  ¹3  ¹4  ¹5  ¹6  ¹7  ¹8
INFO -> 2022-12-25 15:37:23,903: ÂÊË:  0   0   0   0   1   0   1   0
INFO -> 2022-12-25 15:37:23,903: ÇÀÃ:  0   0   0   0   0   0   0   0
INFO -> 2022-12-25 15:37:23,903: *************************************************************************************************
INFO -> 2022-12-25 15:37:34,166: Ñîñòîÿíèå ÊÓ íà: Sun Dec 25 15:37:34 2022
INFO -> 2022-12-25 15:37:34,166:      ¹1  ¹2  ¹3  ¹4  ¹5  ¹6  ¹7  ¹8
INFO -> 2022-12-25 15:37:34,166: ÂÊË:  0   0   0   0   1   0   1   0
INFO -> 2022-12-25 15:37:34,166: ÇÀÃ:  0   0   0   0   0   0   0   0
INFO -> 2022-12-25 15:37:34,166: *************************************************************************************************
INFO -> 2022-12-25 15:37:44,426: Ñîñòîÿíèå ÊÓ íà: Sun Dec 25 15:37:44 2022
INFO -> 2022-12-25 15:37:44,426:      ¹1  ¹2  ¹3  ¹4  ¹5  ¹6  ¹7  ¹8
INFO -> 2022-12-25 15:37:44,426: ÂÊË:  0   0   0   0   1   0   1   0
INFO -> 2022-12-25 15:37:44,426: ÇÀÃ:  0   0   0   0   0   0   0   0
INFO -> 2022-12-25 15:37:44,426: *************************************************************************************************
INFO -> 2022-12-25 15:39:40,598: Ñîñòîÿíèå ÊÓ íà: Sun Dec 25 15:39:40 2022
INFO -> 2022-12-25 15:39:40,598:      ¹1  ¹2  ¹3  ¹4  ¹5  ¹6  ¹7  ¹8
INFO -> 2022-12-25 15:39:40,598: ÂÊË:  0   0   0   0   0   0   1   0
INFO -> 2022-12-25 15:39:40,598: ÇÀÃ:  0   0   0   0   0   0   0   0
INFO -> 2022-12-25 15:39:40,598: *************************************************************************************************
INFO -> 2022-12-25 15:40:21,472: Ñîñòîÿíèå ÊÓ íà: Sun Dec 25 15:40:21 2022
INFO -> 2022-12-25 15:40:21,472:      ¹1  ¹2  ¹3  ¹4  ¹5  ¹6  ¹7  ¹8
INFO -> 2022-12-25 15:40:21,472: ÂÊË:  0   0   0   0   1   0   1   0
INFO -> 2022-12-25 15:40:21,472: ÇÀÃ:  0   0   0   0   0   0   0   0
INFO -> 2022-12-25 15:40:21,472: *************************************************************************************************
INFO -> 2022-12-25 15:44:32,573: Ñîñòîÿíèå ÊÓ íà: Sun Dec 25 15:44:32 2022
INFO -> 2022-12-25 15:44:32,573:      ¹1  ¹2  ¹3  ¹4  ¹5  ¹6  ¹7  ¹8
INFO -> 2022-12-25 15:44:32,573: ÂÊË:  0   0   0   0   0   0   1   0
INFO -> 2022-12-25 15:44:32,573: ÇÀÃ:  0   0   0   0   0   0   0   0
INFO -> 2022-12-25 15:44:32,573: *************************************************************************************************
INFO -> 2022-12-25 15:46:02,067: Ñîñòîÿíèå ÊÓ íà: Sun Dec 25 15:46:02 2022
INFO -> 2022-12-25 15:46:02,067:      ¹1  ¹2  ¹3  ¹4  ¹5  ¹6  ¹7  ¹8
INFO -> 2022-12-25 15:46:02,067: ÂÊË:  0   0   0   0   1   0   1   0
INFO -> 2022-12-25 15:46:02,067: ÇÀÃ:  0   0   0   0   0   0   0   0
INFO -> 2022-12-25 15:46:02,067: *************************************************************************************************
INFO -> 2022-12-25 15:48:56,336: Ñîñòîÿíèå ÊÓ íà: Sun Dec 25 15:48:56 2022
INFO -> 2022-12-25 15:48:56,336:      ¹1  ¹2  ¹3  ¹4  ¹5  ¹6  ¹7  ¹8
INFO -> 2022-12-25 15:48:56,336: ÂÊË:  0   0   0   0   0   0   1   0
INFO -> 2022-12-25 15:48:56,336: ÇÀÃ:  0   0   0   0   0   0   0   0
INFO -> 2022-12-25 15:48:56,336: *************************************************************************************************
INFO -> 2022-12-25 15:54:02,724: Ñîñòîÿíèå ÊÓ íà: Sun Dec 25 15:54:02 2022
INFO -> 2022-12-25 15:54:02,724:      ¹1  ¹2  ¹3  ¹4  ¹5  ¹6  ¹7  ¹8
INFO -> 2022-12-25 15:54:02,724: ÂÊË:  0   0   0   0   1   0   1   0
INFO -> 2022-12-25 15:54:02,724: ÇÀÃ:  0   0   0   0   0   0   0   0
INFO -> 2022-12-25 15:54:02,724: *************************************************************************************************
INFO -> 2022-12-25 15:58:15,192: Ñîñòîÿíèå ÊÓ íà: Sun Dec 25 15:58:15 2022
INFO -> 2022-12-25 15:58:15,192:      ¹1  ¹2  ¹3  ¹4  ¹5  ¹6  ¹7  ¹8
INFO -> 2022-12-25 15:58:15,192: ÂÊË:  0   0   0   0   0   0   1   0
INFO -> 2022-12-25 15:58:15,192: ÇÀÃ:  0   0   0   0   0   0   0   0
INFO -> 2022-12-25 15:58:15,192: *************************************************************************************************
INFO -> 2022-12-25 16:00:28,120: Ñîñòîÿíèå ÊÓ íà: Sun Dec 25 16:00:28 2022
INFO -> 2022-12-25 16:00:28,120:      ¹1  ¹2  ¹3  ¹4  ¹5  ¹6  ¹7  ¹8
INFO -> 2022-12-25 16:00:28,120: ÂÊË:  0   0   0   0   1   0   1   0
INFO -> 2022-12-25 16:00:28,120: ÇÀÃ:  0   0   0   0   0   0   0   0
INFO -> 2022-12-25 16:00:28,120: *************************************************************************************************
INFO -> 2022-12-25 16:03:50,366: Ñîñòîÿíèå ÊÓ íà: Sun Dec 25 16:03:50 2022
INFO -> 2022-12-25 16:03:50,366:      ¹1  ¹2  ¹3  ¹4  ¹5  ¹6  ¹7  ¹8
INFO -> 2022-12-25 16:03:50,366: ÂÊË:  0   0   0   0   0   0   1   0
INFO -> 2022-12-25 16:03:50,366: ÇÀÃ:  0   0   0   0   0   0   0   0
INFO -> 2022-12-25 16:03:50,366: *************************************************************************************************
INFO -> 2022-12-25 16:08:35,350: Ñîñòîÿíèå ÊÓ íà: Sun Dec 25 16:08:35 2022
INFO -> 2022-12-25 16:08:35,350:      ¹1  ¹2  ¹3  ¹4  ¹5  ¹6  ¹7  ¹8
INFO -> 2022-12-25 16:08:35,350: ÂÊË:  0   0   0   0   1   0   1   0
INFO -> 2022-12-25 16:08:35,350: ÇÀÃ:  0   0   0   0   0   0   0   0
INFO -> 2022-12-25 16:08:35,350: *************************************************************************************************
INFO -> 2022-12-25 16:11:25,985: Ñîñòîÿíèå ÊÓ íà: Sun Dec 25 16:11:25 2022
INFO -> 2022-12-25 16:11:25,985:      ¹1  ¹2  ¹3  ¹4  ¹5  ¹6  ¹7  ¹8
INFO -> 2022-12-25 16:11:25,985: ÂÊË:  0   0   0   0   0   0   1   0
INFO -> 2022-12-25 16:11:25,985: ÇÀÃ:  0   0   0   0   0   0   0   0
INFO -> 2022-12-25 16:11:25,985: *************************************************************************************************
INFO -> 2023-01-18 18:51:50,094: Ñîñòîÿíèå ÊÓ íà: Wed Jan 18 18:51:50 2023
INFO -> 2023-01-18 18:51:50,094:      ¹1  ¹2  ¹3  ¹4  ¹5  ¹6  ¹7  ¹8
INFO -> 2023-01-18 18:51:50,094: ÂÊË:  0   0   1   0   0   0   0   1
INFO -> 2023-01-18 18:51:50,094: ÇÀÃ:  0   0   0   0   0   0   0   0
INFO -> 2023-01-18 18:51:50,094: *************************************************************************************************
INFO -> 2023-01-18 18:51:52,861: Ñîñòîÿíèå ÊÓ íà: Wed Jan 18 18:51:52 2023
INFO -> 2023-01-18 18:51:52,861:      ¹1  ¹2  ¹3  ¹4  ¹5  ¹6  ¹7  ¹8
INFO -> 2023-01-18 18:51:52,861: ÂÊË:  0   0   0   0   0   0   0   1
INFO -> 2023-01-18 18:51:52,861: ÇÀÃ:  0   0   0   0   0   0   0   0
INFO -> 2023-01-18 18:51:52,861: *************************************************************************************************
INFO -> 2023-01-18 20:22:39,806: Ñîñòîÿíèå ÊÓ íà: Wed Jan 18 20:22:39 2023
INFO -> 2023-01-18 20:22:39,806:      ¹1  ¹2  ¹3  ¹4  ¹5  ¹6  ¹7  ¹8
INFO -> 2023-01-18 20:22:39,806: ÂÊË:  0   0   1   0   0   0   0   1
INFO -> 2023-01-18 20:22:39,806: ÇÀÃ:  0   0   0   0   0   0   0   0
INFO -> 2023-01-18 20:22:39,806: *************************************************************************************************
INFO -> 2023-01-18 20:22:43,887: Ñîñòîÿíèå ÊÓ íà: Wed Jan 18 20:22:43 2023
INFO -> 2023-01-18 20:22:43,887:      ¹1  ¹2  ¹3  ¹4  ¹5  ¹6  ¹7  ¹8
INFO -> 2023-01-18 20:22:43,887: ÂÊË:  0   0   0   0   0   0   0   1
INFO -> 2023-01-18 20:22:43,887: ÇÀÃ:  0   0   0   0   0   0   0   0
INFO -> 2023-01-18 20:22:43,887: *************************************************************************************************
